<?xml version="1.0" encoding="UTF-8"?>
<!-- Generated by org.testng.reporters.JUnitXMLReporter -->
<testsuite ignored="5" hostname="LAPTOP-KD6JVA8H" failures="0" tests="1" name="CRM-Edge Test-Edit Functionality" time="51.617" errors="0" timestamp="2025-01-26T11:33:17 IST">
  <testcase classname="BundleUp.Bundle_Automation_Projects.TestCollection_CRM_ePayPropertyConfig" name="EditRecords" time="43.608"/>
  <testcase classname="BundleUp.Bundle_Automation_Projects.TestCollection_CRM_ePayPropertyConfig" name="ResetRecord" time="0.0">
    <ignored/>
  </testcase> <!-- ResetRecord -->
  <testcase classname="BundleUp.Bundle_Automation_Projects.TestCollection_CRM_ePayPropertyConfig" name="GoBack" time="0.0">
    <ignored/>
  </testcase> <!-- GoBack -->
  <testcase classname="BundleUp.Bundle_Automation_Projects.TestCollection_CRM_ePayPropertyConfig" name="SearchRecords" time="0.0">
    <ignored/>
  </testcase> <!-- SearchRecords -->
  <testcase classname="BundleUp.Bundle_Automation_Projects.TestCollection_CRM_ePayPropertyConfig" name="AddNewRecord" time="0.0">
    <ignored/>
  </testcase> <!-- AddNewRecord -->
  <testcase classname="BundleUp.Bundle_Automation_Projects.TestCollection_CRM_ePayPropertyConfig" name="ViewAllRecords" time="0.0">
    <ignored/>
  </testcase> <!-- ViewAllRecords -->
</testsuite> <!-- CRM-Edge Test-Edit Functionality -->
