<?xml version="1.0" encoding="UTF-8"?>
<!-- Generated by org.testng.reporters.JUnitXMLReporter -->
<testsuite ignored="1" hostname="LAPTOP-KD6JVA8H" failures="0" tests="1" name="CRM-Edge Test-Add Functionality" time="34.72" errors="0" timestamp="2024-09-12T23:13:27 IST">
  <testcase classname="BundleUp.Bundle_Automation_Projects.TestCollection_CRM_ePayPropertyConfig" name="AddNewRecord" time="24.03"/>
  <testcase classname="BundleUp.Bundle_Automation_Projects.TestCollection_CRM_ePayPropertyConfig" name="ResetRecord" time="0.0">
    <ignored/>
  </testcase> <!-- ResetRecord -->
</testsuite> <!-- CRM-Edge Test-Add Functionality -->
