<?xml version="1.0" encoding="UTF-8"?>
<!-- Generated by org.testng.reporters.JUnitXMLReporter -->
<testsuite ignored="6" hostname="LAPTOP-KD6JVA8H" failures="0" tests="0" time="1.121" errors="0" timestamp="2025-01-24T22:50:28 IST">
  <testcase classname="BundleUp.Bundle_Automation_Projects.TestCollection_CRM_ePayPropertyConfig" name="GoBack" time="0.0">
    <ignored/>
  </testcase> <!-- GoBack -->
  <testcase classname="BundleUp.Bundle_Automation_Projects.TestCollection_CRM_ePayPropertyConfig" name="AddNewRecord" time="0.0">
    <ignored/>
  </testcase> <!-- AddNewRecord -->
  <testcase classname="BundleUp.Bundle_Automation_Projects.TestCollection_CRM_ePayPropertyConfig" name="ResetRecord" time="0.0">
    <ignored/>
  </testcase> <!-- ResetRecord -->
  <testcase classname="BundleUp.Bundle_Automation_Projects.TestCollection_CRM_ePayPropertyConfig" name="EditRecords" time="0.0">
    <ignored/>
  </testcase> <!-- EditRecords -->
  <testcase classname="BundleUp.Bundle_Automation_Projects.TestCollection_CRM_ePayPropertyConfig" name="SearchRecords" time="0.0">
    <ignored/>
  </testcase> <!-- SearchRecords -->
  <testcase classname="BundleUp.Bundle_Automation_Projects.TestCollection_CRM_ePayPropertyConfig" name="ViewAllRecords" time="0.0">
    <ignored/>
  </testcase> <!-- ViewAllRecords -->
</testsuite>
