<?xml version="1.0" encoding="UTF-8"?>
<!-- Generated by org.testng.reporters.JUnitXMLReporter -->
<testsuite ignored="4" hostname="LAPTOP-KD6JVA8H" failures="0" tests="1" name="Default test" time="5.899" errors="0" timestamp="2024-09-21T19:28:29 IST">
  <testcase classname="com.RestAssured.SanityTestCollection" name="VerifyDynamicAddingExtractingOfResponseHeaders" time="5.79"/>
  <testcase classname="com.RestAssured.SanityTestCollection" name="VerifyExtractResponse" time="0.0">
    <ignored/>
  </testcase> <!-- VerifyExtractResponse -->
  <testcase classname="com.RestAssured.SanityTestCollection" name="VerifyStatusCode" time="0.0">
    <ignored/>
  </testcase> <!-- VerifyStatusCode -->
  <testcase classname="com.RestAssured.SanityTestCollection" name="VerifyGivenEndPoint" time="0.0">
    <ignored/>
  </testcase> <!-- VerifyGivenEndPoint -->
  <testcase classname="com.RestAssured.SanityTestCollection" name="VerifyRequestHeadersSent" time="0.0">
    <ignored/>
  </testcase> <!-- VerifyRequestHeadersSent -->
</testsuite> <!-- Default test -->
