<?xml version="1.0" encoding="UTF-8"?>
<!-- Generated by org.testng.reporters.JUnitXMLReporter -->
<testsuite ignored="0" hostname="LAPTOP-KD6JVA8H" failures="0" tests="2" name="epay_Test_DirectService_OCNS00000TMN02" time="16.439" errors="0" timestamp="2024-12-04T22:30:02 IST">
  <testcase classname="com.RestAssured.epay.tests.epay_DirectRequest_NPCI" name="PostCreate_User" time="12.558"/>
  <testcase classname="com.RestAssured.epay.tests.epay_DirectRequest_NPCI" name="PostCreate_User" time="0.624"/>
</testsuite> <!-- epay_Test_DirectService_OCNS00000TMN02 -->
