<?xml version="1.0" encoding="UTF-8"?>
<!-- Generated by org.testng.reporters.JUnitXMLReporter -->
<testsuite ignored="0" hostname="LAPTOP-KD6JVA8H" failures="0" tests="9" name="Test" time="29.895" errors="0" timestamp="2024-11-20T19:07:44 IST">
  <testcase classname="com.RestAssured.Collection.EmpPersonal_RootMain" name="PostCreate_User" time="6.38"/>
  <testcase classname="com.RestAssured.Collection.EmpPersonal_RootMain" name="PostCreate_User" time="1.283"/>
  <testcase classname="com.RestAssured.Collection.EmpPersonal_RootMain" name="PostCreate_User" time="1.23"/>
  <testcase classname="com.RestAssured.Collection.EmpPersonal_RootMain" name="PostCreate_User" time="1.2"/>
  <testcase classname="com.RestAssured.Collection.EmpPersonal_RootMain" name="PostCreate_User" time="1.21"/>
  <testcase classname="com.RestAssured.Collection.EmpPersonal_RootMain" name="PostCreate_User" time="1.214"/>
  <testcase classname="com.RestAssured.Collection.EmpPersonal_RootMain" name="PostCreate_User" time="1.209"/>
  <testcase classname="com.RestAssured.Collection.EmpPersonal_RootMain" name="PostCreate_User" time="1.223"/>
  <testcase classname="com.RestAssured.Collection.EmpPersonal_RootMain" name="PostCreate_User" time="1.194"/>
</testsuite> <!-- Test -->
