<?xml version="1.0" encoding="UTF-8"?>
<testsuite xmlns:xsi="http://www.w3.org/2001/XMLSchema-instance" xsi:noNamespaceSchemaLocation="https://maven.apache.org/surefire/maven-surefire-plugin/xsd/surefire-test-report.xsd" version="3.0.2" name="TestSuite" time="53.225" tests="1" errors="0" skipped="0" failures="0">
  <properties>
[...]
</properties>
  <testcase name="AddNewRecord[PhonePe, BBPS Configuration, EPay Property File Configuration, TestNameApp0005, key05, 4505.0, Active, Index to Test, Test Added, Reject, Got it Reject](1)" classname="BundleUp.Bundle_Automation_Projects.TestCollection_CRM_ePayPropertyConfig" time="43.06">
    <system-out><![CDATA[Extent Report called

 Sheet name : Add_Data

 Total No. of Records (Rows) :1

 Total No. of Fields (Columns) ::11

 Imported Records: [PhonePe, BBPS Configuration, EPay Property File Configuration, TestNameApp0005, key05, 4505.0, Active, Index to Test, Test Added, Reject, Got it Reject]
Listener Get Browser value: edge

 Method execution started: AddNewRecord

 Screenshot taken on Path :C:\Users\sonya\eclipse-workspace\Bundle_Automation_Projects/CRM_Screenshots/721472_1_Navigated to URL.jpeg
Listener Get Browser value: edge

 Screenshot taken on Path :C:\Users\sonya\eclipse-workspace\Bundle_Automation_Projects/CRM_Screenshots/721472_1_Maker Username Entered.jpeg
Listener Get Browser value: edge

 Screenshot taken on Path :C:\Users\sonya\eclipse-workspace\Bundle_Automation_Projects/CRM_Screenshots/721472_1_Maker Password Entered.jpeg
Listener Get Browser value: edge

 Screenshot taken on Path :C:\Users\sonya\eclipse-workspace\Bundle_Automation_Projects/CRM_Screenshots/721472_1_CRM-Succesful Login.jpeg
Listener Get Browser value: edge
Event type :ePay_CRM.Reusable_Utils.CallListeners@4e9270e8

 Screenshot taken on Path :C:\Users\sonya\eclipse-workspace\Bundle_Automation_Projects/CRM_Screenshots/721472_1_CRM-Enivornment Selected.jpeg
Listener Get Browser value: edge

 Screenshot taken on Path :C:\Users\sonya\eclipse-workspace\Bundle_Automation_Projects/CRM_Screenshots/721472_1_CRM-Menu Selected.jpeg
Listener Get Browser value: edge

 Screenshot taken on Path :C:\Users\sonya\eclipse-workspace\Bundle_Automation_Projects/CRM_Screenshots/721472_1_CRM-Add Menu Opened.jpeg
Listener Get Browser value: edge

 Screenshot taken on Path :C:\Users\sonya\eclipse-workspace\Bundle_Automation_Projects/CRM_Screenshots/721472_1_CRM-Added New Details.jpeg
Listener Get Browser value: edge

 Screenshot taken on Path :C:\Users\sonya\eclipse-workspace\Bundle_Automation_Projects/CRM_Screenshots/721472_1_CRM-Save Success Msg.jpeg
Listener Get Browser value: edge

 Screenshot taken on Path :C:\Users\sonya\eclipse-workspace\Bundle_Automation_Projects/CRM_Screenshots/721472_1_Maker Status Message.jpeg
Listener Get Browser value: edge

 Logout Retry Attempt : 0

 Screenshot taken on Path :C:\Users\sonya\eclipse-workspace\Bundle_Automation_Projects/CRM_Screenshots/721472_1_CRM-Successful LogOut.jpeg
Listener Get Browser value: edge

 Screenshot taken on Path :C:\Users\sonya\eclipse-workspace\Bundle_Automation_Projects/CRM_Screenshots/721472_1_Checker Username Entered.jpeg
Listener Get Browser value: edge

 Screenshot taken on Path :C:\Users\sonya\eclipse-workspace\Bundle_Automation_Projects/CRM_Screenshots/721472_1_Checker Password Entered.jpeg
Listener Get Browser value: edge

 Screenshot taken on Path :C:\Users\sonya\eclipse-workspace\Bundle_Automation_Projects/CRM_Screenshots/721472_1_CRM-Succesful Login.jpeg
Listener Get Browser value: edge
Event type :ePay_CRM.Reusable_Utils.CallListeners@4e9270e8

 Screenshot taken on Path :C:\Users\sonya\eclipse-workspace\Bundle_Automation_Projects/CRM_Screenshots/721472_1_CRM-Enivornment Selected.jpeg
Listener Get Browser value: edge

 Screenshot taken on Path :C:\Users\sonya\eclipse-workspace\Bundle_Automation_Projects/CRM_Screenshots/721472_1_CRM-Menu Selected.jpeg
Listener Get Browser value: edge

 Screenshot taken on Path :C:\Users\sonya\eclipse-workspace\Bundle_Automation_Projects/CRM_Screenshots/721472_1_CRM-Verification Page.jpeg
Listener Get Browser value: edge

 Screenshot taken on Path :C:\Users\sonya\eclipse-workspace\Bundle_Automation_Projects/CRM_Screenshots/721472_1_CRM-CHeckerRecord-ActionToTake.jpeg
Listener Get Browser value: edge

 Screenshot taken on Path :C:\Users\sonya\eclipse-workspace\Bundle_Automation_Projects/CRM_Screenshots/721472_1_CheckerActionTakenMsg.jpeg
Listener Get Browser value: edge

 Screenshot taken on Path :C:\Users\sonya\eclipse-workspace\Bundle_Automation_Projects/CRM_Screenshots/721472_1_CRM-Menu Selected.jpeg
Listener Get Browser value: edge

 Screenshot taken on Path :C:\Users\sonya\eclipse-workspace\Bundle_Automation_Projects/CRM_Screenshots/721472_1_CRM-CheckerGridSearch.jpeg
Listener Get Browser value: edge
]]></system-out>
    <system-err><![CDATA[log4j:ERROR Could not find value for key log4j.appender.CONSOLE
log4j:ERROR Could not instantiate appender named "CONSOLE".
Sep 16, 2024 1:18:53 PM ePay_CRM.LandingPage.BasePageSetup BrowserIntilization
INFO: Browser Initilzation Started
Sep 16, 2024 1:18:59 PM org.openqa.selenium.devtools.CdpVersionFinder findNearestMatch
WARNING: Unable to find an exact match for CDP version 128, returning the closest version; found: 124; Please update to a Selenium version that supports CDP version 128
Sep 16, 2024 1:18:59 PM ePay_CRM.LandingPage.BasePageSetup LoadConfigFile
INFO: Browser Launched :- edge
Sep 16, 2024 1:19:03 PM ePay_CRM.LoginProcess.Method_LoginWithCredentials EnterMakerUserName
INFO: Maker Username Entered
Sep 16, 2024 1:19:04 PM ePay_CRM.LoginProcess.Method_LoginWithCredentials EnterMakerUserPassword
INFO: Maker Password Entered
Sep 16, 2024 1:19:06 PM ePay_CRM.LoginProcess.Method_LoginWithCredentials clickOnLoginButton
INFO: Succesfully Login with Entered Credentials
Sep 16, 2024 1:19:09 PM ePay_CRM.LandingPage.Method_CRMBaseSteps SelectEnviornmentType
INFO: Enviornment Selected :-PhonePe
Sep 16, 2024 1:19:10 PM ePay_CRM.LandingPage.Method_CRMBaseSteps SelectMainMenu
INFO: Main Menu Selected :-BBPS Configuration
Sep 16, 2024 1:19:12 PM ePay_CRM.LandingPage.Method_CRMBaseSteps SelectMainMenu
INFO: Child Menu Opened :-EPay Property File Configuration
Sep 16, 2024 1:19:14 PM ePay_CRM.Test_ActionMethods.Method_EpayPropertyConfig ClickOnAddButton
INFO: Clicked on Add Button
Sep 16, 2024 1:19:16 PM ePay_CRM.Test_ActionMethods.Method_EpayPropertyConfig FillInAddDetails
INFO: Added all the Details,Proceed to Save
Sep 16, 2024 1:19:18 PM ePay_CRM.Test_ActionMethods.Method_EpayPropertyConfig clickOnSaveButton
INFO: ePay Property File configuration details added successfully and sent for Checker Approval!
Sep 16, 2024 1:19:19 PM ePay_CRM.Test_ActionMethods.Method_EpayPropertyConfig FieldError
INFO: Any Error Messages on Save/Update : 0
Sep 16, 2024 1:19:20 PM BundleUp.Bundle_Automation_Projects.TestCollection_CRM_ePayPropertyConfig AddNewRecord
INFO: Maker Status Message :-ePay Property File configuration details added successfully and sent for Checker Approval!
Sep 16, 2024 1:19:21 PM ePay_CRM.Test_ActionMethods.Method_EpayPropertyConfig Logout
INFO: CRM-Logout Successfully
Sep 16, 2024 1:19:22 PM ePay_CRM.LoginProcess.Method_LoginWithCredentials EnterCheckerUserName
INFO: Checker Username Entered
Sep 16, 2024 1:19:22 PM ePay_CRM.LoginProcess.Method_LoginWithCredentials EnterCheckerUserPassword
INFO: Checker Password Entered
Sep 16, 2024 1:19:25 PM ePay_CRM.LoginProcess.Method_LoginWithCredentials clickOnLoginButton
INFO: Succesfully Login with Entered Credentials
Sep 16, 2024 1:19:28 PM ePay_CRM.LandingPage.Method_CRMBaseSteps SelectEnviornmentType
INFO: Enviornment Selected :-PhonePe
Sep 16, 2024 1:19:28 PM ePay_CRM.LandingPage.Method_CRMBaseSteps SelectMainMenu
INFO: Main Menu Selected :-BBPS Configuration
Sep 16, 2024 1:19:30 PM ePay_CRM.LandingPage.Method_CRMBaseSteps SelectMainMenu
INFO: Child Menu Opened :-EPay Property File Configuration
Sep 16, 2024 1:19:33 PM ePay_CRM.Test_ActionMethods.Method_EpayPropertyConfig ClickOnVerifyButton
INFO: Checker Verification Process Started
Sep 16, 2024 1:19:34 PM ePay_CRM.Test_ActionMethods.Method_EpayPropertyConfig CheckerSearchCriteria
INFO: Action Taken : Reject
Sep 16, 2024 1:19:38 PM ePay_CRM.LandingPage.Method_CRMBaseSteps SelectMainMenu
INFO: Main Menu Selected :-BBPS Configuration
Sep 16, 2024 1:19:40 PM ePay_CRM.LandingPage.Method_CRMBaseSteps SelectMainMenu
INFO: Child Menu Opened :-EPay Property File Configuration
Sep 16, 2024 1:19:42 PM ePay_CRM.Test_ActionMethods.Method_EpayPropertyConfig CheckerGrid
INFO: Search Records Found Showing 0 to 0 of 0 entries (filtered from 35 total entries)
Sep 16, 2024 1:19:42 PM ePay_CRM.Test_ActionMethods.Method_EpayPropertyConfig CheckerSearchCriteria
INFO: Checker Verification Process Completed
]]></system-err>
  </testcase>
</testsuite>