<?xml version="1.0" encoding="UTF-8"?>
<testsuite xmlns:xsi="http://www.w3.org/2001/XMLSchema-instance" xsi:noNamespaceSchemaLocation="https://maven.apache.org/surefire/maven-surefire-plugin/xsd/surefire-test-report.xsd" version="3.0.2" name="TestSuite" time="278.94" tests="6" errors="0" skipped="0" failures="0">
  <properties>
[...]
</properties>
  <testcase name="ResetRecord[PhonePe, BBPS Configuration, EPay Property File Configuration, TestApplicatioName, index741, 755.0, Active, Index to Test, Test Added](1)" classname="BundleUp.Bundle_Automation_Projects.TestCollection_CRM_ePayPropertyConfig" time="37.354">
    <system-out><![CDATA[Extent Report called
Extent Report called

 Sheet name : Add_Data

 Sheet name : Reset_Data

 Total No. of Records (Rows) :2

 Total No. of Records (Rows) :4

 Total No. of Fields (Columns) ::11

 Total No. of Fields (Columns) ::9

 Imported Records: [PhonePe, BBPS Configuration, EPay Property File Configuration, TestApplicatioName, index741, 755.0, Active, Index to Test, Test Added]

 Imported Records: [PhonePe, BBPS Configuration, EPay Property File Configuration, TestApplicatioName, index741, 755.0, Active, Index to Test, Test Added]

 Imported Records: [PhonePe, BBPS Configuration, EPay Property File Configuration, TestNameApp0005, key05, 4505.0, Active, Index to Test, Test Added, Reject, Got it Reject]

 Imported Records: [PhonePe, BBPS Configuration, EPay Property File Configuration, TestNameApp0065, key0d, 5505.0, Active, Index to Test, Test Added, Reject, Got it Reject]

 Imported Records: [PhonePe, BBPS Configuration, EPay Property File Configuration, TestNameApp8905, key05s, 5506.0, Active, Index to Test, Test Added, Reject, Got it Reject]

 Imported Records: [PhonePe, BBPS Configuration, EPay Property File Configuration, TestNameApp0785, key05s, 5507.0, Active, Index to Test, Test Added, Reject, Got it Reject]
Listener Get Browser value: edge
Listener Get Browser value: edge
Listener Get Browser value: edge
Listener Get Browser value: edge
Listener Get Browser value: edge
Listener Get Browser value: edge
Listener Get Browser value: edge
Listener Get Browser value: edge
Listener Get Browser value: edge
Listener Get Browser value: edge
Event type :ePay_CRM.Reusable_Utils.CallListeners@59bac01a
Event type :ePay_CRM.Reusable_Utils.CallListeners@45bb5780
Listener Get Browser value: edge
Listener Get Browser value: edge
Listener Get Browser value: edge
Listener Get Browser value: edge
Listener Get Browser value: edge
Listener Get Browser value: edge
Listener Get Browser value: edge
Listener Get Browser value: edge
Listener Get Browser value: edge
]]></system-out>
    <system-err><![CDATA[log4j:ERROR Could not find value for key log4j.appender.CONSOLE
log4j:ERROR Could not instantiate appender named "CONSOLE".
Sep 11, 2024 11:47:49 PM ePay_CRM.LandingPage.BasePageSetup BrowserIntilization
INFO: Browser Initilzation Started
Sep 11, 2024 11:47:49 PM ePay_CRM.LandingPage.BasePageSetup BrowserIntilization
INFO: Browser Initilzation Started
Sep 11, 2024 11:48:02 PM org.openqa.selenium.devtools.CdpVersionFinder findNearestMatch
WARNING: Unable to find an exact match for CDP version 128, returning the closest version; found: 124; Please update to a Selenium version that supports CDP version 128
Sep 11, 2024 11:48:02 PM org.openqa.selenium.devtools.CdpVersionFinder findNearestMatch
WARNING: Unable to find an exact match for CDP version 128, returning the closest version; found: 124; Please update to a Selenium version that supports CDP version 128
Sep 11, 2024 11:48:02 PM ePay_CRM.LandingPage.BasePageSetup LoadConfigFile
INFO: Browser Launched :- edge
Sep 11, 2024 11:48:02 PM ePay_CRM.LandingPage.BasePageSetup LoadConfigFile
INFO: Browser Launched :- edge
Sep 11, 2024 11:48:08 PM ePay_CRM.LoginProcess.Method_LoginWithCredentials EnterMakerUserName
INFO: Maker Username Entered
Sep 11, 2024 11:48:08 PM ePay_CRM.LoginProcess.Method_LoginWithCredentials EnterMakerUserName
INFO: Maker Username Entered
Sep 11, 2024 11:48:11 PM ePay_CRM.LoginProcess.Method_LoginWithCredentials EnterMakerUserPassword
INFO: Maker Password Entered
Sep 11, 2024 11:48:11 PM ePay_CRM.LoginProcess.Method_LoginWithCredentials EnterMakerUserPassword
INFO: Maker Password Entered
Sep 11, 2024 11:48:13 PM ePay_CRM.LoginProcess.Method_LoginWithCredentials clickOnLoginButton
INFO: Succesfully Login with Entered Credentials
Sep 11, 2024 11:48:14 PM ePay_CRM.LoginProcess.Method_LoginWithCredentials clickOnLoginButton
INFO: Succesfully Login with Entered Credentials
Sep 11, 2024 11:48:17 PM ePay_CRM.LandingPage.Method_CRMBaseSteps SelectEnviornmentType
INFO: Enviornment Selected :-PhonePe
Sep 11, 2024 11:48:20 PM ePay_CRM.LandingPage.Method_CRMBaseSteps SelectEnviornmentType
INFO: Enviornment Selected :-BBPS2.0
Sep 11, 2024 11:48:20 PM ePay_CRM.LandingPage.Method_CRMBaseSteps SelectMainMenu
INFO: Main Menu Selected :-BBPS Configuration
Sep 11, 2024 11:48:21 PM ePay_CRM.LandingPage.Method_CRMBaseSteps SelectMainMenu
INFO: Main Menu Selected :-BBPS Configuration
Sep 11, 2024 11:48:26 PM ePay_CRM.LandingPage.Method_CRMBaseSteps SelectMainMenu
INFO: Child Menu Opened :-EPay Property File Configuration
Sep 11, 2024 11:48:26 PM ePay_CRM.LandingPage.Method_CRMBaseSteps SelectMainMenu
INFO: Child Menu Opened :-EPay Property File Configuration
Sep 11, 2024 11:48:29 PM ePay_CRM.Test_ActionMethods.Method_EpayPropertyConfig ClickOnAddButton
INFO: Clicked on Add Button
Sep 11, 2024 11:48:29 PM ePay_CRM.Test_ActionMethods.Method_EpayPropertyConfig ClickOnAddButton
INFO: Clicked on Add Button
Sep 11, 2024 11:48:37 PM ePay_CRM.Test_ActionMethods.Method_EpayPropertyConfig FillInAddDetails
INFO: Added all the Details,Proceed to Save
Sep 11, 2024 11:48:37 PM ePay_CRM.Test_ActionMethods.Method_EpayPropertyConfig FillInAddDetails
INFO: Added all the Details,Proceed to Save
Sep 11, 2024 11:48:39 PM ePay_CRM.Test_ActionMethods.Method_EpayPropertyConfig clickOnResetButton
INFO: Reset Done succesfully!!..
]]></system-err>
  </testcase>
  <testcase name="AddNewRecord[PhonePe, BBPS Configuration, EPay Property File Configuration, TestNameApp0005, key05, 4505.0, Active, Index to Test, Test Added, Reject, Got it Reject](1)" classname="BundleUp.Bundle_Automation_Projects.TestCollection_CRM_ePayPropertyConfig" time="34.923">
    <system-out><![CDATA[Listener Get Browser value: edge
Listener Get Browser value: edge

 Logout Retry Attempt : 0
Listener Get Browser value: edge
Listener Get Browser value: edge
Listener Get Browser value: edge
Listener Get Browser value: edge
Listener Get Browser value: edge
Event type :ePay_CRM.Reusable_Utils.CallListeners@45bb5780
Listener Get Browser value: edge
Listener Get Browser value: edge
Listener Get Browser value: edge
Listener Get Browser value: edge
Listener Get Browser value: edge
Event type :ePay_CRM.Reusable_Utils.CallListeners@41f2a27d
Listener Get Browser value: edge
Listener Get Browser value: edge
Listener Get Browser value: edge
Listener Get Browser value: edge
Listener Get Browser value: edge
Listener Get Browser value: edge
Listener Get Browser value: edge
Listener Get Browser value: edge
Listener Get Browser value: edge
]]></system-out>
    <system-err><![CDATA[Sep 11, 2024 11:48:40 PM ePay_CRM.LandingPage.BasePageSetup TearDown
INFO: Closing Browser: edge
Sep 11, 2024 11:48:42 PM ePay_CRM.Test_ActionMethods.Method_EpayPropertyConfig clickOnSaveButton
INFO: ePay Property File configuration details added successfully and sent for Checker Approval!
Sep 11, 2024 11:48:43 PM ePay_CRM.Test_ActionMethods.Method_EpayPropertyConfig FieldError
INFO: Any Error Messages on Save/Update : 0
Sep 11, 2024 11:48:43 PM BundleUp.Bundle_Automation_Projects.TestCollection_CRM_ePayPropertyConfig AddNewRecord
INFO: Maker Status Message :-ePay Property File configuration details added successfully and sent for Checker Approval!
Sep 11, 2024 11:48:44 PM ePay_CRM.LandingPage.BasePageSetup BrowserIntilization
INFO: Browser Initilzation Started
Sep 11, 2024 11:48:46 PM ePay_CRM.Test_ActionMethods.Method_EpayPropertyConfig Logout
INFO: CRM-Logout Succesfully
Sep 11, 2024 11:48:47 PM ePay_CRM.LoginProcess.Method_LoginWithCredentials EnterCheckerUserName
INFO: Checker Username Entered
Sep 11, 2024 11:48:50 PM ePay_CRM.LoginProcess.Method_LoginWithCredentials EnterCheckerUserPassword
INFO: Checker Password Entered
Sep 11, 2024 11:48:52 PM org.openqa.selenium.devtools.CdpVersionFinder findNearestMatch
WARNING: Unable to find an exact match for CDP version 128, returning the closest version; found: 124; Please update to a Selenium version that supports CDP version 128
Sep 11, 2024 11:48:52 PM ePay_CRM.LandingPage.BasePageSetup LoadConfigFile
INFO: Browser Launched :- edge
Sep 11, 2024 11:48:53 PM ePay_CRM.LoginProcess.Method_LoginWithCredentials clickOnLoginButton
INFO: Succesfully Login with Entered Credentials
Sep 11, 2024 11:48:57 PM ePay_CRM.LoginProcess.Method_LoginWithCredentials EnterMakerUserName
INFO: Maker Username Entered
Sep 11, 2024 11:48:59 PM ePay_CRM.LoginProcess.Method_LoginWithCredentials EnterMakerUserPassword
INFO: Maker Password Entered
Sep 11, 2024 11:48:59 PM ePay_CRM.LandingPage.Method_CRMBaseSteps SelectEnviornmentType
INFO: Enviornment Selected :-PhonePe
Sep 11, 2024 11:49:02 PM ePay_CRM.LoginProcess.Method_LoginWithCredentials clickOnLoginButton
INFO: Succesfully Login with Entered Credentials
Sep 11, 2024 11:49:02 PM ePay_CRM.LandingPage.Method_CRMBaseSteps SelectMainMenu
INFO: Main Menu Selected :-BBPS Configuration
Sep 11, 2024 11:49:07 PM ePay_CRM.LandingPage.Method_CRMBaseSteps SelectMainMenu
INFO: Child Menu Opened :-EPay Property File Configuration
Sep 11, 2024 11:49:09 PM ePay_CRM.LandingPage.Method_CRMBaseSteps SelectEnviornmentType
INFO: Enviornment Selected :-BBPS2.0
Sep 11, 2024 11:49:10 PM ePay_CRM.Test_ActionMethods.Method_EpayPropertyConfig ClickOnVerifyButton
INFO: Checker Verification Process Started
Sep 11, 2024 11:49:11 PM ePay_CRM.LandingPage.Method_CRMBaseSteps SelectMainMenu
INFO: Main Menu Selected :-BBPS Configuration
Sep 11, 2024 11:49:12 PM ePay_CRM.Test_ActionMethods.Method_EpayPropertyConfig CheckerSearchCriteria
INFO: Action Taken : Reject
Sep 11, 2024 11:49:16 PM ePay_CRM.LandingPage.Method_CRMBaseSteps SelectMainMenu
INFO: Child Menu Opened :-EPay Property File Configuration
Sep 11, 2024 11:49:19 PM ePay_CRM.LandingPage.Method_CRMBaseSteps SelectMainMenu
INFO: Main Menu Selected :-BBPS Configuration
Sep 11, 2024 11:49:20 PM ePay_CRM.Test_ActionMethods.Method_EpayPropertyConfig ClickOnAddButton
INFO: Clicked on Add Button
Sep 11, 2024 11:49:24 PM ePay_CRM.LandingPage.Method_CRMBaseSteps SelectMainMenu
INFO: Child Menu Opened :-EPay Property File Configuration
Sep 11, 2024 11:49:27 PM ePay_CRM.Test_ActionMethods.Method_EpayPropertyConfig CheckerGrid
INFO: Search Records Found Showing 0 to 0 of 0 entries (filtered from 35 total entries)
Sep 11, 2024 11:49:27 PM ePay_CRM.Test_ActionMethods.Method_EpayPropertyConfig CheckerSearchCriteria
INFO: Checker Verification Process Completed
]]></system-err>
  </testcase>
  <testcase name="ResetRecord[PhonePe, BBPS Configuration, EPay Property File Configuration, TestApplicatioName, index741, 755.0, Active, Index to Test, Test Added](2)" classname="BundleUp.Bundle_Automation_Projects.TestCollection_CRM_ePayPropertyConfig" time="1.382">
    <system-out><![CDATA[Listener Get Browser value: edge
Listener Get Browser value: edge
Listener Get Browser value: edge
]]></system-out>
    <system-err><![CDATA[Sep 11, 2024 11:49:27 PM ePay_CRM.LandingPage.BasePageSetup TearDown
INFO: Closing Browser: edge
Sep 11, 2024 11:49:29 PM ePay_CRM.LandingPage.BasePageSetup BrowserIntilization
INFO: Browser Initilzation Started
Sep 11, 2024 11:49:30 PM ePay_CRM.Test_ActionMethods.Method_EpayPropertyConfig FillInAddDetails
INFO: Added all the Details,Proceed to Save
Sep 11, 2024 11:49:37 PM org.openqa.selenium.devtools.CdpVersionFinder findNearestMatch
WARNING: Unable to find an exact match for CDP version 128, returning the closest version; found: 124; Please update to a Selenium version that supports CDP version 128
Sep 11, 2024 11:49:37 PM ePay_CRM.LandingPage.BasePageSetup LoadConfigFile
INFO: Browser Launched :- edge
Sep 11, 2024 11:49:38 PM ePay_CRM.Test_ActionMethods.Method_EpayPropertyConfig clickOnResetButton
INFO: Reset Done succesfully!!..
]]></system-err>
  </testcase>
  <testcase name="AddNewRecord[PhonePe, BBPS Configuration, EPay Property File Configuration, TestNameApp0065, key0d, 5505.0, Active, Index to Test, Test Added, Reject, Got it Reject](2)" classname="BundleUp.Bundle_Automation_Projects.TestCollection_CRM_ePayPropertyConfig" time="46.736">
    <system-out><![CDATA[Listener Get Browser value: edge
Listener Get Browser value: edge
Report got flushed
Listener Get Browser value: edge
Listener Get Browser value: edge
Event type :ePay_CRM.Reusable_Utils.CallListeners@183cd81
Listener Get Browser value: edge
Listener Get Browser value: edge
Listener Get Browser value: edge
Listener Get Browser value: edge
Listener Get Browser value: edge
Listener Get Browser value: edge

 Logout Retry Attempt : 0
Listener Get Browser value: edge
Listener Get Browser value: edge
Listener Get Browser value: edge
Listener Get Browser value: edge
Event type :ePay_CRM.Reusable_Utils.CallListeners@183cd81
Listener Get Browser value: edge
Listener Get Browser value: edge
Listener Get Browser value: edge
Listener Get Browser value: edge
Listener Get Browser value: edge
Listener Get Browser value: edge
Listener Get Browser value: edge
]]></system-out>
    <system-err><![CDATA[Sep 11, 2024 11:49:38 PM ePay_CRM.LandingPage.BasePageSetup TearDown
INFO: Closing Browser: edge
Sep 11, 2024 11:49:41 PM ePay_CRM.LoginProcess.Method_LoginWithCredentials EnterMakerUserName
INFO: Maker Username Entered
Sep 11, 2024 11:49:42 PM ePay_CRM.LoginProcess.Method_LoginWithCredentials EnterMakerUserPassword
INFO: Maker Password Entered
Sep 11, 2024 11:49:45 PM ePay_CRM.LoginProcess.Method_LoginWithCredentials clickOnLoginButton
INFO: Succesfully Login with Entered Credentials
Sep 11, 2024 11:49:49 PM ePay_CRM.LandingPage.Method_CRMBaseSteps SelectEnviornmentType
INFO: Enviornment Selected :-PhonePe
Sep 11, 2024 11:49:53 PM ePay_CRM.LandingPage.Method_CRMBaseSteps SelectMainMenu
INFO: Main Menu Selected :-BBPS Configuration
Sep 11, 2024 11:49:57 PM ePay_CRM.LandingPage.Method_CRMBaseSteps SelectMainMenu
INFO: Child Menu Opened :-EPay Property File Configuration
Sep 11, 2024 11:50:00 PM ePay_CRM.Test_ActionMethods.Method_EpayPropertyConfig ClickOnAddButton
INFO: Clicked on Add Button
Sep 11, 2024 11:50:06 PM ePay_CRM.Test_ActionMethods.Method_EpayPropertyConfig FillInAddDetails
INFO: Added all the Details,Proceed to Save
Sep 11, 2024 11:50:08 PM ePay_CRM.Test_ActionMethods.Method_EpayPropertyConfig clickOnSaveButton
INFO: ePay Property File configuration details added successfully and sent for Checker Approval!
Sep 11, 2024 11:50:08 PM ePay_CRM.Test_ActionMethods.Method_EpayPropertyConfig FieldError
INFO: Any Error Messages on Save/Update : 0
Sep 11, 2024 11:50:09 PM BundleUp.Bundle_Automation_Projects.TestCollection_CRM_ePayPropertyConfig AddNewRecord
INFO: Maker Status Message :-ePay Property File configuration details added successfully and sent for Checker Approval!
Sep 11, 2024 11:50:09 PM ePay_CRM.Test_ActionMethods.Method_EpayPropertyConfig Logout
INFO: CRM-Logout Succesfully
Sep 11, 2024 11:50:10 PM ePay_CRM.LoginProcess.Method_LoginWithCredentials EnterCheckerUserName
INFO: Checker Username Entered
Sep 11, 2024 11:50:10 PM ePay_CRM.LoginProcess.Method_LoginWithCredentials EnterCheckerUserPassword
INFO: Checker Password Entered
Sep 11, 2024 11:50:11 PM ePay_CRM.LoginProcess.Method_LoginWithCredentials clickOnLoginButton
INFO: Succesfully Login with Entered Credentials
Sep 11, 2024 11:50:13 PM ePay_CRM.LandingPage.Method_CRMBaseSteps SelectEnviornmentType
INFO: Enviornment Selected :-PhonePe
Sep 11, 2024 11:50:14 PM ePay_CRM.LandingPage.Method_CRMBaseSteps SelectMainMenu
INFO: Menu/Sub-Menu Not availabele for Selection , Retry Attempt :1
Sep 11, 2024 11:50:14 PM ePay_CRM.LandingPage.Method_CRMBaseSteps SelectMainMenu
INFO: Main Menu Selected :-BBPS Configuration
Sep 11, 2024 11:50:16 PM ePay_CRM.LandingPage.Method_CRMBaseSteps SelectMainMenu
INFO: Child Menu Opened :-EPay Property File Configuration
Sep 11, 2024 11:50:17 PM ePay_CRM.Test_ActionMethods.Method_EpayPropertyConfig ClickOnVerifyButton
INFO: Checker Verification Process Started
Sep 11, 2024 11:50:18 PM ePay_CRM.Test_ActionMethods.Method_EpayPropertyConfig CheckerSearchCriteria
INFO: Action Taken : Reject
Sep 11, 2024 11:50:20 PM ePay_CRM.LandingPage.Method_CRMBaseSteps SelectMainMenu
INFO: Main Menu Selected :-BBPS Configuration
Sep 11, 2024 11:50:22 PM ePay_CRM.LandingPage.Method_CRMBaseSteps SelectMainMenu
INFO: Child Menu Opened :-EPay Property File Configuration
Sep 11, 2024 11:50:23 PM ePay_CRM.Test_ActionMethods.Method_EpayPropertyConfig CheckerGrid
INFO: Search Records Found Showing 0 to 0 of 0 entries (filtered from 35 total entries)
Sep 11, 2024 11:50:23 PM ePay_CRM.Test_ActionMethods.Method_EpayPropertyConfig CheckerSearchCriteria
INFO: Checker Verification Process Completed
]]></system-err>
  </testcase>
  <testcase name="AddNewRecord[PhonePe, BBPS Configuration, EPay Property File Configuration, TestNameApp8905, key05s, 5506.0, Active, Index to Test, Test Added, Reject, Got it Reject](3)" classname="BundleUp.Bundle_Automation_Projects.TestCollection_CRM_ePayPropertyConfig" time="43.753">
    <system-out><![CDATA[Listener Get Browser value: edge
Listener Get Browser value: edge
Listener Get Browser value: edge
Listener Get Browser value: edge
Listener Get Browser value: edge
Event type :ePay_CRM.Reusable_Utils.CallListeners@66a1c492
Listener Get Browser value: edge
Listener Get Browser value: edge
Listener Get Browser value: edge
Listener Get Browser value: edge
Listener Get Browser value: edge
Listener Get Browser value: edge

 Logout Retry Attempt : 0
Listener Get Browser value: edge
Listener Get Browser value: edge
Listener Get Browser value: edge
Listener Get Browser value: edge
Event type :ePay_CRM.Reusable_Utils.CallListeners@66a1c492
Listener Get Browser value: edge
Listener Get Browser value: edge
Listener Get Browser value: edge
Listener Get Browser value: edge
Listener Get Browser value: edge
Listener Get Browser value: edge
Listener Get Browser value: edge
]]></system-out>
    <system-err><![CDATA[Sep 11, 2024 11:50:23 PM ePay_CRM.LandingPage.BasePageSetup TearDown
INFO: Closing Browser: edge
Sep 11, 2024 11:50:25 PM ePay_CRM.LandingPage.BasePageSetup BrowserIntilization
INFO: Browser Initilzation Started
Sep 11, 2024 11:50:31 PM org.openqa.selenium.devtools.CdpVersionFinder findNearestMatch
WARNING: Unable to find an exact match for CDP version 128, returning the closest version; found: 124; Please update to a Selenium version that supports CDP version 128
Sep 11, 2024 11:50:31 PM ePay_CRM.LandingPage.BasePageSetup LoadConfigFile
INFO: Browser Launched :- edge
Sep 11, 2024 11:50:36 PM ePay_CRM.LoginProcess.Method_LoginWithCredentials EnterMakerUserName
INFO: Maker Username Entered
Sep 11, 2024 11:50:37 PM ePay_CRM.LoginProcess.Method_LoginWithCredentials EnterMakerUserPassword
INFO: Maker Password Entered
Sep 11, 2024 11:50:40 PM ePay_CRM.LoginProcess.Method_LoginWithCredentials clickOnLoginButton
INFO: Succesfully Login with Entered Credentials
Sep 11, 2024 11:50:45 PM ePay_CRM.LandingPage.Method_CRMBaseSteps SelectEnviornmentType
INFO: Enviornment Selected :-PhonePe
Sep 11, 2024 11:50:47 PM ePay_CRM.LandingPage.Method_CRMBaseSteps SelectMainMenu
INFO: Main Menu Selected :-BBPS Configuration
Sep 11, 2024 11:50:51 PM ePay_CRM.LandingPage.Method_CRMBaseSteps SelectMainMenu
INFO: Child Menu Opened :-EPay Property File Configuration
Sep 11, 2024 11:50:53 PM ePay_CRM.Test_ActionMethods.Method_EpayPropertyConfig ClickOnAddButton
INFO: Clicked on Add Button
Sep 11, 2024 11:50:56 PM ePay_CRM.Test_ActionMethods.Method_EpayPropertyConfig FillInAddDetails
INFO: Added all the Details,Proceed to Save
Sep 11, 2024 11:50:58 PM ePay_CRM.Test_ActionMethods.Method_EpayPropertyConfig clickOnSaveButton
INFO: ePay Property File configuration details added successfully and sent for Checker Approval!
Sep 11, 2024 11:50:59 PM ePay_CRM.Test_ActionMethods.Method_EpayPropertyConfig FieldError
INFO: Any Error Messages on Save/Update : 0
Sep 11, 2024 11:50:59 PM BundleUp.Bundle_Automation_Projects.TestCollection_CRM_ePayPropertyConfig AddNewRecord
INFO: Maker Status Message :-ePay Property File configuration details added successfully and sent for Checker Approval!
Sep 11, 2024 11:51:00 PM ePay_CRM.Test_ActionMethods.Method_EpayPropertyConfig Logout
INFO: CRM-Logout Succesfully
Sep 11, 2024 11:51:00 PM ePay_CRM.LoginProcess.Method_LoginWithCredentials EnterCheckerUserName
INFO: Checker Username Entered
Sep 11, 2024 11:51:01 PM ePay_CRM.LoginProcess.Method_LoginWithCredentials EnterCheckerUserPassword
INFO: Checker Password Entered
Sep 11, 2024 11:51:03 PM ePay_CRM.LoginProcess.Method_LoginWithCredentials clickOnLoginButton
INFO: Succesfully Login with Entered Credentials
Sep 11, 2024 11:51:05 PM ePay_CRM.LandingPage.Method_CRMBaseSteps SelectEnviornmentType
INFO: Enviornment Selected :-PhonePe
Sep 11, 2024 11:51:05 PM ePay_CRM.LandingPage.Method_CRMBaseSteps SelectMainMenu
INFO: Main Menu Selected :-BBPS Configuration
Sep 11, 2024 11:51:07 PM ePay_CRM.LandingPage.Method_CRMBaseSteps SelectMainMenu
INFO: Child Menu Opened :-EPay Property File Configuration
Sep 11, 2024 11:51:09 PM ePay_CRM.Test_ActionMethods.Method_EpayPropertyConfig ClickOnVerifyButton
INFO: Checker Verification Process Started
Sep 11, 2024 11:51:10 PM ePay_CRM.Test_ActionMethods.Method_EpayPropertyConfig CheckerSearchCriteria
INFO: Action Taken : Reject
Sep 11, 2024 11:51:12 PM ePay_CRM.LandingPage.Method_CRMBaseSteps SelectMainMenu
INFO: Main Menu Selected :-BBPS Configuration
Sep 11, 2024 11:51:14 PM ePay_CRM.LandingPage.Method_CRMBaseSteps SelectMainMenu
INFO: Child Menu Opened :-EPay Property File Configuration
Sep 11, 2024 11:51:15 PM ePay_CRM.Test_ActionMethods.Method_EpayPropertyConfig CheckerGrid
INFO: Search Records Found Showing 0 to 0 of 0 entries (filtered from 35 total entries)
Sep 11, 2024 11:51:15 PM ePay_CRM.Test_ActionMethods.Method_EpayPropertyConfig CheckerSearchCriteria
INFO: Checker Verification Process Completed
]]></system-err>
  </testcase>
  <testcase name="AddNewRecord[PhonePe, BBPS Configuration, EPay Property File Configuration, TestNameApp0785, key05s, 5507.0, Active, Index to Test, Test Added, Reject, Got it Reject](4)" classname="BundleUp.Bundle_Automation_Projects.TestCollection_CRM_ePayPropertyConfig" time="56.196">
    <system-out><![CDATA[Listener Get Browser value: edge
Listener Get Browser value: edge
Listener Get Browser value: edge
Listener Get Browser value: edge
Listener Get Browser value: edge
Event type :ePay_CRM.Reusable_Utils.CallListeners@1c5e9ba1
Listener Get Browser value: edge
Listener Get Browser value: edge
Listener Get Browser value: edge
Listener Get Browser value: edge
Listener Get Browser value: edge
Listener Get Browser value: edge

 Logout Retry Attempt : 0
Listener Get Browser value: edge
Listener Get Browser value: edge
Listener Get Browser value: edge
Listener Get Browser value: edge
Event type :ePay_CRM.Reusable_Utils.CallListeners@1c5e9ba1
Listener Get Browser value: edge
Listener Get Browser value: edge
Listener Get Browser value: edge
Listener Get Browser value: edge
Listener Get Browser value: edge
Listener Get Browser value: edge
Listener Get Browser value: edge
]]></system-out>
    <system-err><![CDATA[Sep 11, 2024 11:51:15 PM ePay_CRM.LandingPage.BasePageSetup TearDown
INFO: Closing Browser: edge
Sep 11, 2024 11:51:17 PM ePay_CRM.LandingPage.BasePageSetup BrowserIntilization
INFO: Browser Initilzation Started
Sep 11, 2024 11:51:24 PM org.openqa.selenium.devtools.CdpVersionFinder findNearestMatch
WARNING: Unable to find an exact match for CDP version 128, returning the closest version; found: 124; Please update to a Selenium version that supports CDP version 128
Sep 11, 2024 11:51:24 PM ePay_CRM.LandingPage.BasePageSetup LoadConfigFile
INFO: Browser Launched :- edge
Sep 11, 2024 11:51:29 PM ePay_CRM.LoginProcess.Method_LoginWithCredentials EnterMakerUserName
INFO: Maker Username Entered
Sep 11, 2024 11:51:32 PM ePay_CRM.LoginProcess.Method_LoginWithCredentials EnterMakerUserPassword
INFO: Maker Password Entered
Sep 11, 2024 11:51:33 PM ePay_CRM.LoginProcess.Method_LoginWithCredentials clickOnLoginButton
INFO: Succesfully Login with Entered Credentials
Sep 11, 2024 11:51:39 PM ePay_CRM.LandingPage.Method_CRMBaseSteps SelectEnviornmentType
INFO: Enviornment Selected :-PhonePe
Sep 11, 2024 11:51:40 PM ePay_CRM.LandingPage.Method_CRMBaseSteps SelectMainMenu
INFO: Main Menu Selected :-BBPS Configuration
Sep 11, 2024 11:51:42 PM ePay_CRM.LandingPage.Method_CRMBaseSteps SelectMainMenu
INFO: Child Menu Opened :-EPay Property File Configuration
Sep 11, 2024 11:51:44 PM ePay_CRM.Test_ActionMethods.Method_EpayPropertyConfig ClickOnAddButton
INFO: Clicked on Add Button
Sep 11, 2024 11:51:47 PM ePay_CRM.Test_ActionMethods.Method_EpayPropertyConfig FillInAddDetails
INFO: Added all the Details,Proceed to Save
Sep 11, 2024 11:51:52 PM ePay_CRM.Test_ActionMethods.Method_EpayPropertyConfig clickOnSaveButton
INFO: ePay Property File configuration details added successfully and sent for Checker Approval!
Sep 11, 2024 11:51:52 PM ePay_CRM.Test_ActionMethods.Method_EpayPropertyConfig FieldError
INFO: Any Error Messages on Save/Update : 0
Sep 11, 2024 11:51:53 PM BundleUp.Bundle_Automation_Projects.TestCollection_CRM_ePayPropertyConfig AddNewRecord
INFO: Maker Status Message :-ePay Property File configuration details added successfully and sent for Checker Approval!
Sep 11, 2024 11:51:54 PM ePay_CRM.Test_ActionMethods.Method_EpayPropertyConfig Logout
INFO: CRM-Logout Succesfully
Sep 11, 2024 11:51:55 PM ePay_CRM.LoginProcess.Method_LoginWithCredentials EnterCheckerUserName
INFO: Checker Username Entered
Sep 11, 2024 11:51:55 PM ePay_CRM.LoginProcess.Method_LoginWithCredentials EnterCheckerUserPassword
INFO: Checker Password Entered
Sep 11, 2024 11:51:57 PM ePay_CRM.LoginProcess.Method_LoginWithCredentials clickOnLoginButton
INFO: Succesfully Login with Entered Credentials
Sep 11, 2024 11:51:58 PM ePay_CRM.LandingPage.Method_CRMBaseSteps SelectEnviornmentType
INFO: Enviornment Selected :-PhonePe
Sep 11, 2024 11:51:59 PM ePay_CRM.LandingPage.Method_CRMBaseSteps SelectMainMenu
INFO: Main Menu Selected :-BBPS Configuration
Sep 11, 2024 11:52:02 PM ePay_CRM.LandingPage.Method_CRMBaseSteps SelectMainMenu
INFO: Child Menu Opened :-EPay Property File Configuration
Sep 11, 2024 11:52:06 PM ePay_CRM.Test_ActionMethods.Method_EpayPropertyConfig ClickOnVerifyButton
INFO: Checker Verification Process Started
Sep 11, 2024 11:52:07 PM ePay_CRM.Test_ActionMethods.Method_EpayPropertyConfig CheckerSearchCriteria
INFO: Action Taken : Reject
Sep 11, 2024 11:52:12 PM ePay_CRM.LandingPage.Method_CRMBaseSteps SelectMainMenu
INFO: Main Menu Selected :-BBPS Configuration
Sep 11, 2024 11:52:15 PM ePay_CRM.LandingPage.Method_CRMBaseSteps SelectMainMenu
INFO: Child Menu Opened :-EPay Property File Configuration
Sep 11, 2024 11:52:19 PM ePay_CRM.Test_ActionMethods.Method_EpayPropertyConfig CheckerGrid
INFO: Search Records Found Showing 0 to 0 of 0 entries (filtered from 35 total entries)
Sep 11, 2024 11:52:20 PM ePay_CRM.Test_ActionMethods.Method_EpayPropertyConfig CheckerSearchCriteria
INFO: Checker Verification Process Completed
]]></system-err>
  </testcase>
</testsuite>