<?xml version="1.0" encoding="UTF-8"?>
<!-- Generated by org.testng.reporters.JUnitXMLReporter -->
<testsuite ignored="0" hostname="LAPTOP-KD6JVA8H" failures="0" tests="20" name="E2E_Testing" time="1077.892" errors="0" timestamp="2025-04-26T14:48:19 IST">
  <testcase classname="BundleUp.Bundle_Automation_Projects.TestCollection_CRM_BillerConfigOnus" name="AddNewRecord" time="58.251"/>
  <testcase classname="BundleUp.Bundle_Automation_Projects.TestCollection_CRM_BillerConfigOnus" name="AddNewRecord" time="54.732"/>
  <testcase classname="BundleUp.Bundle_Automation_Projects.TestCollection_CRM_BillerConfigOnus" name="AddNewRecord" time="42.224"/>
  <testcase classname="BundleUp.Bundle_Automation_Projects.TestCollection_CRM_BillerConfigOnus" name="AddNewRecord" time="45.41"/>
  <testcase classname="BundleUp.Bundle_Automation_Projects.TestCollection_CRM_BillerConfigOnus" name="AddNewRecord" time="42.212"/>
  <testcase classname="BundleUp.Bundle_Automation_Projects.TestCollection_CRM_BillerConfigOnus" name="AddNewRecord" time="41.639"/>
  <testcase classname="BundleUp.Bundle_Automation_Projects.TestCollection_CRM_BillerConfigOnus" name="AddNewRecord" time="42.335"/>
  <testcase classname="BundleUp.Bundle_Automation_Projects.TestCollection_CRM_BillerConfigOnus" name="AddNewRecord" time="41.677"/>
  <testcase classname="BundleUp.Bundle_Automation_Projects.TestCollection_CRM_BillerConfigOnus" name="AddNewRecord" time="38.158"/>
  <testcase classname="BundleUp.Bundle_Automation_Projects.TestCollection_CRM_BillerConfigOnus" name="AddNewRecord" time="37.426"/>
  <testcase classname="BundleUp.Bundle_Automation_Projects.TestCollection_CRM_BillerConfigOnus" name="AddNewRecord" time="38.434"/>
  <testcase classname="BundleUp.Bundle_Automation_Projects.TestCollection_CRM_BillerConfigOnus" name="AddNewRecord" time="34.303"/>
  <testcase classname="BundleUp.Bundle_Automation_Projects.TestCollection_CRM_BillerConfigOnus" name="AddNewRecord" time="38.572"/>
  <testcase classname="BundleUp.Bundle_Automation_Projects.TestCollection_CRM_BillerConfigOnus" name="AddNewRecord" time="37.266"/>
  <testcase classname="BundleUp.Bundle_Automation_Projects.TestCollection_CRM_BillerConfigOnus" name="AddNewRecord" time="34.128"/>
  <testcase classname="BundleUp.Bundle_Automation_Projects.TestCollection_CRM_BillerConfigOnus" name="AddNewRecord" time="33.453"/>
  <testcase classname="BundleUp.Bundle_Automation_Projects.TestCollection_CRM_BillerConfigOnus" name="AddNewRecord" time="34.521"/>
  <testcase classname="BundleUp.Bundle_Automation_Projects.TestCollection_CRM_BillerConfigOnus" name="AddNewRecord" time="33.186"/>
  <testcase classname="BundleUp.Bundle_Automation_Projects.TestCollection_CRM_BillerConfigOnus" name="AddNewRecord" time="42.019"/>
  <testcase classname="BundleUp.Bundle_Automation_Projects.TestCollection_CRM_BillerConfigOnus" name="AddNewRecord" time="43.009"/>
</testsuite> <!-- E2E_Testing -->
