<?xml version="1.0" encoding="UTF-8"?>
<!-- Generated by org.testng.reporters.JUnitXMLReporter -->
<testsuite ignored="0" hostname="LAPTOP-KD6JVA8H" failures="0" tests="2" name="E2E_Testing" time="84.854" errors="0" timestamp="2025-04-26T21:23:31 IST">
  <testcase classname="BundleUp.Bundle_Automation_Projects.TestCollection_CRM_BillerConfigOnus" name="AddNewRecord" time="34.382"/>
  <testcase classname="BundleUp.Bundle_Automation_Projects.TestCollection_CRM_BillerConfigOnus" name="AddNewRecord" time="23.035"/>
</testsuite> <!-- E2E_Testing -->
