<?xml version="1.0" encoding="UTF-8"?>
<testng-results ignored="0" total="1" passed="1" failed="0" skipped="0">
  <reporter-output>
  </reporter-output>
  <suite started-at="2024-10-20T22:04:48 IST" name="Default suite" finished-at="2024-10-20T22:04:54 IST" duration-ms="6532">
    <groups>
    </groups>
    <test started-at="2024-10-20T22:04:48 IST" name="Default test" finished-at="2024-10-20T22:04:54 IST" duration-ms="6532">
      <class name="com.RestAssured.Post_PayloadReq_File">
        <test-method is-config="true" signature="HitEndPoint_Setup()[pri:0, instance:com.RestAssured.Post_PayloadReq_File@5bda8e08]" started-at="2024-10-20T22:04:48 IST" name="HitEndPoint_Setup" finished-at="2024-10-20T22:04:49 IST" duration-ms="1825" status="PASS">
          <reporter-output>
          </reporter-output>
        </test-method> <!-- HitEndPoint_Setup -->
        <test-method signature="VerifyStatusCode()[pri:0, instance:com.RestAssured.Post_PayloadReq_File@5bda8e08]" started-at="2024-10-20T22:04:50 IST" name="VerifyStatusCode" finished-at="2024-10-20T22:04:54 IST" duration-ms="4630" status="PASS">
          <reporter-output>
          </reporter-output>
        </test-method> <!-- VerifyStatusCode -->
      </class> <!-- com.RestAssured.Post_PayloadReq_File -->
    </test> <!-- Default test -->
  </suite> <!-- Default suite -->
</testng-results>
